C51 COMPILER V9.54   DELAY                                                                 10/04/2023 21:38:44 PAGE 1   


C51 COMPILER V9.54, COMPILATION OF MODULE DELAY
OBJECT MODULE PLACED IN .\Objects\Delay.obj
COMPILER INVOKED BY: D:\software\keil5\C51\BIN\C51.EXE Delay.c OPTIMIZE(8,SPEED) BROWSE DEBUG OBJECTEXTEND PRINT(.\Listi
                    -ngs\Delay.lst) TABS(2) OBJECT(.\Objects\Delay.obj)

line level    source

   1          #include <intrins.h>
   2          
   3          /**
   4            * @brief  延时函数
   5            * @param  延时时间，单位毫秒
   6            * @retval 无
   7            */
   8          void Delay(unsigned int x)    //@11.0592MHz xms
   9          {
  10   1        unsigned char i, j;
  11   1        while(x--)
  12   1        {
  13   2          _nop_();
  14   2          i = 2;
  15   2          j = 199;
  16   2          do
  17   2          {
  18   3            while (--j);
  19   3          } while (--i);
  20   2        }
  21   1      }


MODULE INFORMATION:   STATIC OVERLAYABLE
   CODE SIZE        =     22    ----
   CONSTANT SIZE    =   ----    ----
   XDATA SIZE       =   ----    ----
   PDATA SIZE       =   ----    ----
   DATA SIZE        =   ----    ----
   IDATA SIZE       =   ----    ----
   BIT SIZE         =   ----    ----
END OF MODULE INFORMATION.


C51 COMPILATION COMPLETE.  0 WARNING(S),  0 ERROR(S)
