C51 COMPILER V9.54   MAIN                                                                  10/05/2023 11:21:11 PAGE 1   


C51 COMPILER V9.54, COMPILATION OF MODULE MAIN
OBJECT MODULE PLACED IN .\Objects\main.obj
COMPILER INVOKED BY: D:\software\keil5\C51\BIN\C51.EXE main.c OPTIMIZE(8,SPEED) BROWSE DEBUG OBJECTEXTEND PRINT(.\Listin
                    -gs\main.lst) TABS(2) OBJECT(.\Objects\main.obj)

line level    source

   1          #include <STC89C5xRC.H>
   2          #include "Delay.h"
   3          #include "LCD1602.h"
   4          #include "Matrixkey.h"
   5          
   6          char Password[]="7355608";//è®¾å®šå¯†ç ï¼Œæ›´æ”¹æ•°å­—å³å¯ï¼Œ7ä½
   7          
   8          //å¯†ç éªŒè¯å‡½æ•°ï¼ŒæŒ‰ä¸‹ç¡®è®¤åå¼€å§‹éªŒè¯
   9          void verify(unsigned char input[7])
  10          {
  11   1        int v=1,x=0;
  12   1        for(x;x<7;x++)
  13   1        if(input[x]!= Password[x]) v=0;//é€ä½æ¯”å¯¹å¯†ç ï¼Œå¦‚æœæœ‰ä¸åŒï¼Œåˆ¤æ–­ä¸ºå¦ï¼ŒéªŒè¯ä¸é€šè¿‡
  14   1        if (v==0)//å½“éªŒè¯ä¸é€šè¿‡ï¼Œæ˜¾ç¤ºé”™è¯¯æç¤ºä¸€ç§’ï¼Œå›åˆ°è¾“å…¥çŠ¶æ€
  15   1        {
  16   2          LCD_ShowString(2,1,"ERROR! ");
  17   2          Delay(1000);
  18   2        }
  19   1        else LCD_ShowString(2,10,"Correct");//éªŒè¯é€šè¿‡ï¼Œå¯†ç åæ˜¾ç¤ºæ­£ç¡®æç¤ºï¼ˆåç»­å¯åŠ å…¥æ­£ç¡®å
             -çš„æ‰§è¡Œå‡½æ•°ï¼‰
  20   1      }
  21          
  22          //è¾“å…¥å‡½æ•°ï¼Œå¤„ç†å•ä¸ªè¾“å…¥ï¼Œä»¥åŠåŠŸèƒ½é”®
  23          void key_input(unsigned char key_num,int *i,unsigned char input[7])//cè¯­è¨€æ•°ç»„åä½œå½¢å‚å®é™…ä¼ å…¥
             -çš„ä¸ºæ•°ç»„é¦–åœ°å€ï¼Œä¼šæ”¹å˜åŸæ•°ç»„
  24          {
  25   1        int x=0;
  26   1        if (key_num <= 10)//å°äº10æ­£å¸¸è¾“å…¥å¯†ç ï¼ˆ10ä¸º0ï¼‰
  27   1          if (*i<7)
  28   1          {
  29   2            input[*i]=(unsigned char)(key_num%10+48);
  30   2            ++*i;
  31   2          }
  32   1        if (key_num == 11)//11ä¸ºé€€æ ¼é”®
  33   1        {
  34   2          if (*i>0)
  35   2          {
  36   3            input[*i-1]='_';
  37   3            --*i;
  38   3          }
  39   2        }
  40   1        if (key_num == 12)//12ä¸ºæ¸…é›¶é”®
  41   1        {
  42   2          LCD_ShowString(2,10,"       ");//æ¶ˆé™¤correctçš„æ˜¾ç¤º
  43   2          for(x;x<7;x++)//é‡ç½®ç”¨äºå‚¨å­˜è¾“å…¥çš„å­—ç¬¦æ•°ç»„
  44   2            input[x]='_';
  45   2          *i=0;
  46   2        }
  47   1        if (key_num == 16)//16ä¸ºç¡®è®¤é”®
  48   1          verify(input);//éªŒè¯å¯†ç 
  49   1      }
  50          
  51          void main()
  52          {
C51 COMPILER V9.54   MAIN                                                                  10/05/2023 11:21:11 PAGE 2   

  53   1        int count = 0;//å®šä¹‰è®¡æ•°å™¨ç”¨äºç»Ÿè®¡å·²è¾“å…¥å¯†ç çš„ä½æ•°
  54   1        unsigned char key_num;
  55   1        unsigned char input[]="_______";
  56   1        LCD_Init();
  57   1        LCD_ShowString(1,1,"Password:");
  58   1        LCD_ShowString(2,1,input);//åˆ·æ–°é»˜è®¤æ˜¾ç¤º
  59   1        while(1)
  60   1        {
  61   2          key_num = Matrixkey();//è¯»å–æŒ‰é”®è¾“å…¥
  62   2          if (key_num != 0)//æŒ‰é”®æ¾å¼€åˆ™ä¸ºè¾“å…¥
  63   2          {
  64   3            key_input(key_num,&count,input);//è¾“å…¥å¯†ç 
  65   3            LCD_ShowString(2,1,input);//åˆ·æ–°æ˜¾ç¤º
  66   3          }
  67   2        }
  68   1      }


MODULE INFORMATION:   STATIC OVERLAYABLE
   CODE SIZE        =    407    ----
   CONSTANT SIZE    =     42    ----
   XDATA SIZE       =   ----    ----
   PDATA SIZE       =   ----    ----
   DATA SIZE        =      8      25
   IDATA SIZE       =   ----    ----
   BIT SIZE         =   ----    ----
END OF MODULE INFORMATION.


C51 COMPILATION COMPLETE.  0 WARNING(S),  0 ERROR(S)
